Using pre-set license
Built from '2020.2/release' branch; Version is '2020.2.0f1 (3721df5a8b28) revision 3613151'; Using compiler version '192528614'; Build Type 'Release'
OS: 'Windows 10  (10.0.0) 64bit' Language: 'en' Physical Memory: 16171 MB
BatchMode: 1, IsHumanControllingUs: 0, StartBugReporterOnCrash: 0, Is64bit: 1, IsPro: 0

 COMMAND LINE ARGUMENTS:
C:\Program Files\Unity\Hub\Editor\2020.2.0f1\Editor\Unity.exe
-adb2
-batchMode
-noUpm
-name
AssetImportWorker0
-projectPath
H:/GAME3002-Physics Engines/HardikShah_GAME3002_A2
-logFile
Logs/AssetImportWorker0.log
-srvPort
56284
Successfully changed project path to: H:/GAME3002-Physics Engines/HardikShah_GAME3002_A2
H:/GAME3002-Physics Engines/HardikShah_GAME3002_A2
Using Asset Import Pipeline V2.
Refreshing native plugins compatible for Editor in 22.26 ms, found 0 plugins.
Preloading 0 native plugins for Editor in 0.00 ms.
Initialize engine version: 2020.2.0f1 (3721df5a8b28)
[Subsystems] Discovering subsystems at path C:/Program Files/Unity/Hub/Editor/2020.2.0f1/Editor/Data/Resources/UnitySubsystems
[Subsystems] Discovering subsystems at path H:/GAME3002-Physics Engines/HardikShah_GAME3002_A2/Assets
GfxDevice: creating device client; threaded=0
Direct3D:
    Version:  Direct3D 11.0 [level 11.1]
    Renderer: NVIDIA GeForce GTX 1650 Ti (ID=0x1f95)
    Vendor:   
    VRAM:     3962 MB
    Driver:   27.21.14.5763
Initialize mono
Mono path[0] = 'C:/Program Files/Unity/Hub/Editor/2020.2.0f1/Editor/Data/Managed'
Mono path[1] = 'C:/Program Files/Unity/Hub/Editor/2020.2.0f1/Editor/Data/MonoBleedingEdge/lib/mono/unityjit'
Mono config path = 'C:/Program Files/Unity/Hub/Editor/2020.2.0f1/Editor/Data/MonoBleedingEdge/etc'
Using monoOptions --debugger-agent=transport=dt_socket,embedding=1,server=y,suspend=n,address=127.0.0.1:56640
Begin MonoManager ReloadAssembly
Registering precompiled unity dll's ...
Register platform support module: C:/Program Files/Unity/Hub/Editor/2020.2.0f1/Editor/Data/PlaybackEngines/WebGLSupport/UnityEditor.WebGL.Extensions.dll
Register platform support module: C:/Program Files/Unity/Hub/Editor/2020.2.0f1/Editor/Data/PlaybackEngines/WindowsStandaloneSupport/UnityEditor.WindowsStandalone.Extensions.dll
Registered in 0.001727 seconds.
Native extension for WindowsStandalone target not found
Native extension for WebGL target not found
Refreshing native plugins compatible for Editor in 20.66 ms, found 0 plugins.
Preloading 0 native plugins for Editor in 0.00 ms.
Invoked RoslynAnalysisRunner static constructor.
RoslynAnalysisRunner will not be running.
RoslynAnalysisRunner has terminated.
Mono: successfully reloaded assembly
- Completed reload, in  1.753 seconds
Platform modules already initialized, skipping
Registering precompiled user dll's ...
Registered in 0.000420 seconds.
Begin MonoManager ReloadAssembly
Native extension for WindowsStandalone target not found
Native extension for WebGL target not found
Refreshing native plugins compatible for Editor in 0.18 ms, found 0 plugins.
Preloading 0 native plugins for Editor in 0.00 ms.
Invoked RoslynAnalysisRunner static constructor.
RoslynAnalysisRunner will not be running.
RoslynAnalysisRunner has terminated.
Mono: successfully reloaded assembly
- Completed reload, in  0.743 seconds
Platform modules already initialized, skipping
========================================================================
Worker process is ready to serve import requests
Launched and connected shader compiler UnityShaderCompiler.exe after 0.04 seconds
Refreshing native plugins compatible for Editor in 0.30 ms, found 0 plugins.
Preloading 0 native plugins for Editor in 0.00 ms.
Unloading 1098 Unused Serialized files (Serialized files now loaded: 0)
System memory in use before: 56.5 MB.
System memory in use after: 56.6 MB.

Unloading 10 unused Assets to reduce memory usage. Loaded Objects now: 1540.
Total: 1.364800 ms (FindLiveObjects: 0.129700 ms CreateObjectMapping: 0.042300 ms MarkObjects: 1.143600 ms  DeleteObjects: 0.048200 ms)

========================================================================
Received Import Request.
  path: Assets/Scripts/PinBallController.cs
  artifactKey: Guid(e0ea078a690bb644a94183f5202e6150) Importer(815301076,1909f56bfc062723c751e8b465ee728b)
Start importing Assets/Scripts/PinBallController.cs using Guid(e0ea078a690bb644a94183f5202e6150) Importer(815301076,1909f56bfc062723c751e8b465ee728b)  -> (artifact id: '8a9ad4d80a12a05a209e6d89ed24f5b7') in 0.019203 seconds
  Import took 0.021016 seconds .

========================================================================
Received Prepare
Registering precompiled user dll's ...
Registered in 0.000624 seconds.
Begin MonoManager ReloadAssembly
Native extension for WindowsStandalone target not found
Native extension for WebGL target not found
Refreshing native plugins compatible for Editor in 0.20 ms, found 0 plugins.
Preloading 0 native plugins for Editor in 0.00 ms.
Invoked RoslynAnalysisRunner static constructor.
RoslynAnalysisRunner will not be running.
RoslynAnalysisRunner has terminated.
Mono: successfully reloaded assembly
- Completed reload, in  0.735 seconds
Platform modules already initialized, skipping
Refreshing native plugins compatible for Editor in 0.18 ms, found 0 plugins.
Preloading 0 native plugins for Editor in 0.00 ms.
Unloading 1092 Unused Serialized files (Serialized files now loaded: 0)
System memory in use before: 56.6 MB.
System memory in use after: 56.7 MB.

Unloading 6 unused Assets to reduce memory usage. Loaded Objects now: 1541.
Total: 1.676900 ms (FindLiveObjects: 0.181800 ms CreateObjectMapping: 0.040800 ms MarkObjects: 1.397900 ms  DeleteObjects: 0.055500 ms)

========================================================================
Received Prepare
Registering precompiled user dll's ...
Registered in 0.000371 seconds.
Begin MonoManager ReloadAssembly
Native extension for WindowsStandalone target not found
Native extension for WebGL target not found
Refreshing native plugins compatible for Editor in 0.18 ms, found 0 plugins.
Preloading 0 native plugins for Editor in 0.00 ms.
Invoked RoslynAnalysisRunner static constructor.
RoslynAnalysisRunner will not be running.
RoslynAnalysisRunner has terminated.
Mono: successfully reloaded assembly
- Completed reload, in  0.742 seconds
Platform modules already initialized, skipping
Refreshing native plugins compatible for Editor in 0.33 ms, found 0 plugins.
Preloading 0 native plugins for Editor in 0.00 ms.
Unloading 1093 Unused Serialized files (Serialized files now loaded: 0)
System memory in use before: 56.8 MB.
System memory in use after: 56.8 MB.

Unloading 5 unused Assets to reduce memory usage. Loaded Objects now: 1544.
Total: 1.555600 ms (FindLiveObjects: 0.206100 ms CreateObjectMapping: 0.076200 ms MarkObjects: 1.232600 ms  DeleteObjects: 0.039500 ms)

========================================================================
Received Import Request.
  Time since last request: 167.733128 seconds.
  path: Assets/Scripts/OuterArea.cs
  artifactKey: Guid(2bcda5aee5c0325469485792e458771a) Importer(815301076,1909f56bfc062723c751e8b465ee728b)
Start importing Assets/Scripts/OuterArea.cs using Guid(2bcda5aee5c0325469485792e458771a) Importer(815301076,1909f56bfc062723c751e8b465ee728b)  -> (artifact id: 'e21db97741f0faedab1245d4e0002bc5') in 0.002893 seconds
  Import took 0.004830 seconds .

========================================================================
Received Prepare
Registering precompiled user dll's ...
Registered in 0.000411 seconds.
Begin MonoManager ReloadAssembly
Native extension for WindowsStandalone target not found
Native extension for WebGL target not found
Refreshing native plugins compatible for Editor in 0.18 ms, found 0 plugins.
Preloading 0 native plugins for Editor in 0.00 ms.
Invoked RoslynAnalysisRunner static constructor.
RoslynAnalysisRunner will not be running.
RoslynAnalysisRunner has terminated.
Mono: successfully reloaded assembly
- Completed reload, in  0.759 seconds
Platform modules already initialized, skipping
Refreshing native plugins compatible for Editor in 0.18 ms, found 0 plugins.
Preloading 0 native plugins for Editor in 0.00 ms.
Unloading 1093 Unused Serialized files (Serialized files now loaded: 0)
System memory in use before: 56.9 MB.
System memory in use after: 57.0 MB.

Unloading 5 unused Assets to reduce memory usage. Loaded Objects now: 1546.
Total: 1.665600 ms (FindLiveObjects: 0.213500 ms CreateObjectMapping: 0.085000 ms MarkObjects: 1.323600 ms  DeleteObjects: 0.041400 ms)

========================================================================
Received Prepare
Registering precompiled user dll's ...
Registered in 0.000390 seconds.
Begin MonoManager ReloadAssembly
Native extension for WindowsStandalone target not found
Native extension for WebGL target not found
Refreshing native plugins compatible for Editor in 0.34 ms, found 0 plugins.
Preloading 0 native plugins for Editor in 0.00 ms.
Invoked RoslynAnalysisRunner static constructor.
RoslynAnalysisRunner will not be running.
RoslynAnalysisRunner has terminated.
Mono: successfully reloaded assembly
- Completed reload, in  0.811 seconds
Platform modules already initialized, skipping
Refreshing native plugins compatible for Editor in 0.24 ms, found 0 plugins.
Preloading 0 native plugins for Editor in 0.00 ms.
Unloading 1093 Unused Serialized files (Serialized files now loaded: 0)
System memory in use before: 57.1 MB.
System memory in use after: 57.1 MB.

Unloading 5 unused Assets to reduce memory usage. Loaded Objects now: 1548.
Total: 1.529800 ms (FindLiveObjects: 0.137300 ms CreateObjectMapping: 0.093000 ms MarkObjects: 1.247900 ms  DeleteObjects: 0.050300 ms)

========================================================================
Received Import Request.
  Time since last request: 125.480255 seconds.
  path: Assets/Scripts/OuterArea.cs
  artifactKey: Guid(2bcda5aee5c0325469485792e458771a) Importer(815301076,1909f56bfc062723c751e8b465ee728b)
Start importing Assets/Scripts/OuterArea.cs using Guid(2bcda5aee5c0325469485792e458771a) Importer(815301076,1909f56bfc062723c751e8b465ee728b)  -> (artifact id: '5044b8fded1d67062f1e895954573597') in 0.002683 seconds
  Import took 0.004354 seconds .

========================================================================
Received Prepare
Registering precompiled user dll's ...
Registered in 0.000374 seconds.
Begin MonoManager ReloadAssembly
Native extension for WindowsStandalone target not found
Native extension for WebGL target not found
Refreshing native plugins compatible for Editor in 0.18 ms, found 0 plugins.
Preloading 0 native plugins for Editor in 0.00 ms.
Invoked RoslynAnalysisRunner static constructor.
RoslynAnalysisRunner will not be running.
RoslynAnalysisRunner has terminated.
Mono: successfully reloaded assembly
- Completed reload, in  0.753 seconds
Platform modules already initialized, skipping
Refreshing native plugins compatible for Editor in 0.20 ms, found 0 plugins.
Preloading 0 native plugins for Editor in 0.00 ms.
Unloading 1093 Unused Serialized files (Serialized files now loaded: 0)
System memory in use before: 57.2 MB.
System memory in use after: 57.3 MB.

Unloading 5 unused Assets to reduce memory usage. Loaded Objects now: 1550.
Total: 3.386900 ms (FindLiveObjects: 0.383000 ms CreateObjectMapping: 0.161000 ms MarkObjects: 2.798300 ms  DeleteObjects: 0.042800 ms)

========================================================================
Received Import Request.
  Time since last request: 75.614619 seconds.
  path: Assets/Scripts/OuterArea.cs
  artifactKey: Guid(2bcda5aee5c0325469485792e458771a) Importer(815301076,1909f56bfc062723c751e8b465ee728b)
Start importing Assets/Scripts/OuterArea.cs using Guid(2bcda5aee5c0325469485792e458771a) Importer(815301076,1909f56bfc062723c751e8b465ee728b)  -> (artifact id: 'f9dedd069c10f6f7ef44a26233b53ded') in 0.003794 seconds
  Import took 0.006038 seconds .

========================================================================
Received Prepare
Registering precompiled user dll's ...
Registered in 0.000766 seconds.
Begin MonoManager ReloadAssembly
Native extension for WindowsStandalone target not found
Native extension for WebGL target not found
Refreshing native plugins compatible for Editor in 0.24 ms, found 0 plugins.
Preloading 0 native plugins for Editor in 0.00 ms.
Invoked RoslynAnalysisRunner static constructor.
RoslynAnalysisRunner will not be running.
RoslynAnalysisRunner has terminated.
Mono: successfully reloaded assembly
- Completed reload, in  0.734 seconds
Platform modules already initialized, skipping
Refreshing native plugins compatible for Editor in 0.17 ms, found 0 plugins.
Preloading 0 native plugins for Editor in 0.00 ms.
Unloading 1093 Unused Serialized files (Serialized files now loaded: 0)
System memory in use before: 57.3 MB.
System memory in use after: 57.4 MB.

Unloading 5 unused Assets to reduce memory usage. Loaded Objects now: 1552.
Total: 1.526300 ms (FindLiveObjects: 0.144000 ms CreateObjectMapping: 0.046300 ms MarkObjects: 1.295600 ms  DeleteObjects: 0.039200 ms)

========================================================================
Received Prepare
Registering precompiled user dll's ...
Registered in 0.000669 seconds.
Begin MonoManager ReloadAssembly
Native extension for WindowsStandalone target not found
Native extension for WebGL target not found
Refreshing native plugins compatible for Editor in 0.29 ms, found 0 plugins.
Preloading 0 native plugins for Editor in 0.00 ms.
Invoked RoslynAnalysisRunner static constructor.
RoslynAnalysisRunner will not be running.
RoslynAnalysisRunner has terminated.
Mono: successfully reloaded assembly
- Completed reload, in  0.824 seconds
Platform modules already initialized, skipping
Refreshing native plugins compatible for Editor in 0.19 ms, found 0 plugins.
Preloading 0 native plugins for Editor in 0.00 ms.
Unloading 1093 Unused Serialized files (Serialized files now loaded: 0)
System memory in use before: 57.4 MB.
System memory in use after: 57.5 MB.

Unloading 5 unused Assets to reduce memory usage. Loaded Objects now: 1554.
Total: 1.487600 ms (FindLiveObjects: 0.141200 ms CreateObjectMapping: 0.036200 ms MarkObjects: 1.245400 ms  DeleteObjects: 0.063400 ms)

========================================================================
Received Prepare
Registering precompiled user dll's ...
Registered in 0.000456 seconds.
Begin MonoManager ReloadAssembly
Native extension for WindowsStandalone target not found
Native extension for WebGL target not found
Refreshing native plugins compatible for Editor in 0.19 ms, found 0 plugins.
Preloading 0 native plugins for Editor in 0.00 ms.
Invoked RoslynAnalysisRunner static constructor.
RoslynAnalysisRunner will not be running.
RoslynAnalysisRunner has terminated.
Mono: successfully reloaded assembly
- Completed reload, in  0.685 seconds
Platform modules already initialized, skipping
Refreshing native plugins compatible for Editor in 0.18 ms, found 0 plugins.
Preloading 0 native plugins for Editor in 0.00 ms.
Unloading 1093 Unused Serialized files (Serialized files now loaded: 0)
System memory in use before: 57.5 MB.
System memory in use after: 57.6 MB.

Unloading 5 unused Assets to reduce memory usage. Loaded Objects now: 1556.
Total: 1.565900 ms (FindLiveObjects: 0.166700 ms CreateObjectMapping: 0.072100 ms MarkObjects: 1.289000 ms  DeleteObjects: 0.037100 ms)

========================================================================
Received Import Request.
  Time since last request: 627.091913 seconds.
  path: Assets/Scripts/BouncerController.cs
  artifactKey: Guid(883166b71329bb74084cb53f63c71390) Importer(815301076,1909f56bfc062723c751e8b465ee728b)
Start importing Assets/Scripts/BouncerController.cs using Guid(883166b71329bb74084cb53f63c71390) Importer(815301076,1909f56bfc062723c751e8b465ee728b)  -> (artifact id: 'a724e9a0dbad247b61293095452c1df1') in 0.002450 seconds
  Import took 0.003931 seconds .

========================================================================
Received Import Request.
  Time since last request: 0.003784 seconds.
  path: Assets/Scripts/BouncerController.cs
  artifactKey: Guid(883166b71329bb74084cb53f63c71390) Importer(815301076,1909f56bfc062723c751e8b465ee728b)
Start importing Assets/Scripts/BouncerController.cs using Guid(883166b71329bb74084cb53f63c71390) Importer(815301076,1909f56bfc062723c751e8b465ee728b)  -> (artifact id: 'a724e9a0dbad247b61293095452c1df1') in 0.001679 seconds
  Import took 0.004504 seconds .

========================================================================
Received Import Request.
  Time since last request: 14.479404 seconds.
  path: Assets/Scripts/PinBallController.cs
  artifactKey: Guid(e0ea078a690bb644a94183f5202e6150) Importer(815301076,1909f56bfc062723c751e8b465ee728b)
Start importing Assets/Scripts/PinBallController.cs using Guid(e0ea078a690bb644a94183f5202e6150) Importer(815301076,1909f56bfc062723c751e8b465ee728b)  -> (artifact id: 'f2c9036580309b10b93c2dab9f3e08cd') in 0.000943 seconds
  Import took 0.002585 seconds .

========================================================================
Received Prepare
Registering precompiled user dll's ...
Registered in 0.000559 seconds.
Begin MonoManager ReloadAssembly
Native extension for WindowsStandalone target not found
Native extension for WebGL target not found
Refreshing native plugins compatible for Editor in 0.22 ms, found 0 plugins.
Preloading 0 native plugins for Editor in 0.00 ms.
Invoked RoslynAnalysisRunner static constructor.
RoslynAnalysisRunner will not be running.
RoslynAnalysisRunner has terminated.
Mono: successfully reloaded assembly
- Completed reload, in  0.737 seconds
Platform modules already initialized, skipping
Refreshing native plugins compatible for Editor in 0.30 ms, found 0 plugins.
Preloading 0 native plugins for Editor in 0.00 ms.
Unloading 1094 Unused Serialized files (Serialized files now loaded: 0)
System memory in use before: 57.7 MB.
System memory in use after: 57.8 MB.

Unloading 5 unused Assets to reduce memory usage. Loaded Objects now: 1559.
Total: 1.282500 ms (FindLiveObjects: 0.116600 ms CreateObjectMapping: 0.034500 ms MarkObjects: 1.098300 ms  DeleteObjects: 0.032300 ms)

========================================================================
Received Prepare
Registering precompiled user dll's ...
Registered in 0.000598 seconds.
Begin MonoManager ReloadAssembly
Native extension for WindowsStandalone target not found
Native extension for WebGL target not found
Refreshing native plugins compatible for Editor in 0.18 ms, found 0 plugins.
Preloading 0 native plugins for Editor in 0.00 ms.
Invoked RoslynAnalysisRunner static constructor.
RoslynAnalysisRunner will not be running.
RoslynAnalysisRunner has terminated.
Mono: successfully reloaded assembly
- Completed reload, in  0.767 seconds
Platform modules already initialized, skipping
Refreshing native plugins compatible for Editor in 0.30 ms, found 0 plugins.
Preloading 0 native plugins for Editor in 0.00 ms.
Unloading 1094 Unused Serialized files (Serialized files now loaded: 0)
System memory in use before: 57.8 MB.
System memory in use after: 57.9 MB.

Unloading 5 unused Assets to reduce memory usage. Loaded Objects now: 1561.
Total: 1.400400 ms (FindLiveObjects: 0.141300 ms CreateObjectMapping: 0.038900 ms MarkObjects: 1.182800 ms  DeleteObjects: 0.036300 ms)

========================================================================
Received Import Request.
  Time since last request: 69.606937 seconds.
  path: Assets/Scripts/PinBallController.cs
  artifactKey: Guid(e0ea078a690bb644a94183f5202e6150) Importer(815301076,1909f56bfc062723c751e8b465ee728b)
Start importing Assets/Scripts/PinBallController.cs using Guid(e0ea078a690bb644a94183f5202e6150) Importer(815301076,1909f56bfc062723c751e8b465ee728b)  -> (artifact id: '62da28ec4de8a7bb1369da07a32f3464') in 0.002729 seconds
  Import took 0.004237 seconds .

========================================================================
Received Prepare
Registering precompiled user dll's ...
Registered in 0.000360 seconds.
Begin MonoManager ReloadAssembly
Native extension for WindowsStandalone target not found
Native extension for WebGL target not found
Refreshing native plugins compatible for Editor in 0.21 ms, found 0 plugins.
Preloading 0 native plugins for Editor in 0.00 ms.
Invoked RoslynAnalysisRunner static constructor.
RoslynAnalysisRunner will not be running.
RoslynAnalysisRunner has terminated.
Mono: successfully reloaded assembly
- Completed reload, in  0.757 seconds
Platform modules already initialized, skipping
Refreshing native plugins compatible for Editor in 0.30 ms, found 0 plugins.
Preloading 0 native plugins for Editor in 0.00 ms.
Unloading 1094 Unused Serialized files (Serialized files now loaded: 0)
System memory in use before: 58.0 MB.
System memory in use after: 58.0 MB.

Unloading 5 unused Assets to reduce memory usage. Loaded Objects now: 1563.
Total: 1.557800 ms (FindLiveObjects: 0.230900 ms CreateObjectMapping: 0.102000 ms MarkObjects: 1.183800 ms  DeleteObjects: 0.040000 ms)

AssetImportWorkerClient::OnTransportError - code=2 error=End of file
